[63390:775:1120/142111.279509:WARNING:chrome_command_line_pref_store.cc(119)] Additional command-line proxy switches specified when --no-proxy-server was also specified.
[63390:775:1120/142111.282031:WARNING:chrome_command_line_pref_store.cc(119)] Additional command-line proxy switches specified when --no-proxy-server was also specified.
[63390:775:1120/142111.312145:WARNING:chrome_command_line_pref_store.cc(119)] Additional command-line proxy switches specified when --no-proxy-server was also specified.
[63390:775:1120/142112.227215:WARNING:CONSOLE(0)] "HTML Imports is deprecated and will be removed in M73, around March 2019. Please use ES modules instead. See https://www.chromestatus.com/features/5144752345317376 for more details.", source:  (0)
[63390:775:1120/142112.316021:WARNING:CONSOLE(77)] "document.registerElement is deprecated and will be removed in M73, around March 2019. Please use window.customElements.define instead. See https://www.chromestatus.com/features/4642138092470272 for more details.", source: https://ssl.gstatic.com/chrome/components/doodle-notifier-02.html (77)
[63390:775:1120/142118.494672:INFO:CONSOLE(8)] "SW registered", source: https://www.google.com/_/chrome/newtab?ie=UTF-8 (8)
[63390:775:1120/142123.823337:INFO:CONSOLE(8)] "sfdc-lightning/charts/donut.js has been deprecated. Please update your code to use lightning-donut-chart", source: https://provardemo.lightning.force.com/jslibrary/1542318814000/ui-analytics-reporting/EclairNG.js (8)
[63390:775:1120/142124.339138:INFO:CONSOLE(1633)] "Warning: Accessing createClass via the main React package is deprecated, and will be removed in React v16.0. Use a plain JavaScript class instead. If you're not yet ready to migrate, create-react-class v15.* is available on npm as a temporary, drop-in replacement. For more info see https://fb.me/react-create-class", source: https://provardemo.lightning.force.com/jslibrary/1542318814000/ui-analytics-dashboard-components/LightningDashboards.js (1633)
[63390:775:1120/142124.342739:INFO:CONSOLE(1633)] "Warning: Accessing PropTypes via the main React package is deprecated, and will be removed in  React v16.0. Use the latest available v15.* prop-types package from npm instead. For info on usage, compatibility, migration and more, see https://fb.me/prop-types-docs", source: https://provardemo.lightning.force.com/jslibrary/1542318814000/ui-analytics-dashboard-components/LightningDashboards.js (1633)
[63390:775:1120/142124.378781:INFO:CONSOLE(2458)] "invalid label: {"0":"InsightsSelector","1":"measure"}", source: https://provardemo.lightning.force.com/jslibrary/1542318814000/ui-analytics-dashboard-components/LightningDashboards.js (2458)
[63390:775:1120/142124.379914:INFO:CONSOLE(2458)] "invalid label: {"0":"InsightsSelector","1":"dimension"}", source: https://provardemo.lightning.force.com/jslibrary/1542318814000/ui-analytics-dashboard-components/LightningDashboards.js (2458)
[63390:775:1120/142124.380706:INFO:CONSOLE(2458)] "invalid label: {"0":"InsightsSelector","1":"date"}", source: https://provardemo.lightning.force.com/jslibrary/1542318814000/ui-analytics-dashboard-components/LightningDashboards.js (2458)
[63390:775:1120/142124.381563:INFO:CONSOLE(2458)] "invalid label: {"0":"InsightsSelector","1":"aggregate"}", source: https://provardemo.lightning.force.com/jslibrary/1542318814000/ui-analytics-dashboard-components/LightningDashboards.js (2458)
[63390:775:1120/142124.415842:INFO:CONSOLE(2458)] "invalid label: {"0":"SaqlFunctionDescription","1":"avgDescription"}", source: https://provardemo.lightning.force.com/jslibrary/1542318814000/ui-analytics-dashboard-components/LightningDashboards.js (2458)
[63390:775:1120/142124.416651:INFO:CONSOLE(2458)] "invalid label: {"0":"SaqlFunctionDescription","1":"countDescription"}", source: https://provardemo.lightning.force.com/jslibrary/1542318814000/ui-analytics-dashboard-components/LightningDashboards.js (2458)
[63390:775:1120/142124.417741:INFO:CONSOLE(2458)] "invalid label: {"0":"SaqlFunctionDescription","1":"firstDescription"}", source: https://provardemo.lightning.force.com/jslibrary/1542318814000/ui-analytics-dashboard-components/LightningDashboards.js (2458)
[63390:775:1120/142124.418685:INFO:CONSOLE(2458)] "invalid label: {"0":"SaqlFunctionDescription","1":"lastDescription"}", source: https://provardemo.lightning.force.com/jslibrary/1542318814000/ui-analytics-dashboard-components/LightningDashboards.js (2458)
[63390:775:1120/142124.419559:INFO:CONSOLE(2458)] "invalid label: {"0":"SaqlFunctionDescription","1":"maxDescription"}", source: https://provardemo.lightning.force.com/jslibrary/1542318814000/ui-analytics-dashboard-components/LightningDashboards.js (2458)
[63390:775:1120/142124.420528:INFO:CONSOLE(2458)] "invalid label: {"0":"SaqlFunctionDescription","1":"minDescription"}", source: https://provardemo.lightning.force.com/jslibrary/1542318814000/ui-analytics-dashboard-components/LightningDashboards.js (2458)
[63390:775:1120/142124.421610:INFO:CONSOLE(2458)] "invalid label: {"0":"SaqlFunctionDescription","1":"medianDescription"}", source: https://provardemo.lightning.force.com/jslibrary/1542318814000/ui-analytics-dashboard-components/LightningDashboards.js (2458)
[63390:775:1120/142124.422824:INFO:CONSOLE(2458)] "invalid label: {"0":"SaqlFunctionDescription","1":"uniqueDescription"}", source: https://provardemo.lightning.force.com/jslibrary/1542318814000/ui-analytics-dashboard-components/LightningDashboards.js (2458)
[63390:775:1120/142124.424069:INFO:CONSOLE(2458)] "invalid label: {"0":"SaqlFunctionDescription","1":"sumDescription"}", source: https://provardemo.lightning.force.com/jslibrary/1542318814000/ui-analytics-dashboard-components/LightningDashboards.js (2458)
[63390:775:1120/142124.425086:INFO:CONSOLE(2458)] "invalid label: {"0":"SaqlFunctionDescription","1":"stddevDescription"}", source: https://provardemo.lightning.force.com/jslibrary/1542318814000/ui-analytics-dashboard-components/LightningDashboards.js (2458)
[63390:775:1120/142124.426130:INFO:CONSOLE(2458)] "invalid label: {"0":"SaqlFunctionDescription","1":"stddevpDescription"}", source: https://provardemo.lightning.force.com/jslibrary/1542318814000/ui-analytics-dashboard-components/LightningDashboards.js (2458)
[63390:775:1120/142124.427065:INFO:CONSOLE(2458)] "invalid label: {"0":"SaqlFunctionDescription","1":"varDescription"}", source: https://provardemo.lightning.force.com/jslibrary/1542318814000/ui-analytics-dashboard-components/LightningDashboards.js (2458)
[63390:775:1120/142124.428269:INFO:CONSOLE(2458)] "invalid label: {"0":"SaqlFunctionDescription","1":"varpDescription"}", source: https://provardemo.lightning.force.com/jslibrary/1542318814000/ui-analytics-dashboard-components/LightningDashboards.js (2458)
[63390:775:1120/142124.429168:INFO:CONSOLE(2458)] "invalid label: {"0":"SaqlFunctionDescription","1":"percentile_discDescription"}", source: https://provardemo.lightning.force.com/jslibrary/1542318814000/ui-analytics-dashboard-components/LightningDashboards.js (2458)
[63390:775:1120/142124.430287:INFO:CONSOLE(2458)] "invalid label: {"0":"SaqlFunctionDescription","1":"lastDescription"}", source: https://provardemo.lightning.force.com/jslibrary/1542318814000/ui-analytics-dashboard-components/LightningDashboards.js (2458)
[63390:775:1120/142124.431522:INFO:CONSOLE(2458)] "invalid label: {"0":"SaqlFunctionDescription","1":"regr_slopeDescription"}", source: https://provardemo.lightning.force.com/jslibrary/1542318814000/ui-analytics-dashboard-components/LightningDashboards.js (2458)
[63390:775:1120/142124.432829:INFO:CONSOLE(2458)] "invalid label: {"0":"SaqlFunctionDescription","1":"regr_interceptDescription"}", source: https://provardemo.lightning.force.com/jslibrary/1542318814000/ui-analytics-dashboard-components/LightningDashboards.js (2458)
[63390:775:1120/142124.433318:INFO:CONSOLE(2458)] "invalid label: {"0":"SaqlFunctionDescription","1":"regr_r2Description"}", source: https://provardemo.lightning.force.com/jslibrary/1542318814000/ui-analytics-dashboard-components/LightningDashboards.js (2458)
[63390:775:1120/142124.434048:INFO:CONSOLE(2458)] "invalid label: {"0":"SaqlFunctionDescription","1":"dateDescription"}", source: https://provardemo.lightning.force.com/jslibrary/1542318814000/ui-analytics-dashboard-components/LightningDashboards.js (2458)
[63390:775:1120/142124.435044:INFO:CONSOLE(2458)] "invalid label: {"0":"SaqlFunctionDescription","1":"dateRangeDescription"}", source: https://provardemo.lightning.force.com/jslibrary/1542318814000/ui-analytics-dashboard-components/LightningDashboards.js (2458)
[63390:775:1120/142124.435962:INFO:CONSOLE(2458)] "invalid label: {"0":"SaqlFunctionDescription","1":"daysBetweenDescription"}", source: https://provardemo.lightning.force.com/jslibrary/1542318814000/ui-analytics-dashboard-components/LightningDashboards.js (2458)
[63390:775:1120/142124.436845:INFO:CONSOLE(2458)] "invalid label: {"0":"SaqlFunctionDescription","1":"date_diffDescription"}", source: https://provardemo.lightning.force.com/jslibrary/1542318814000/ui-analytics-dashboard-components/LightningDashboards.js (2458)
[63390:775:1120/142124.437701:INFO:CONSOLE(2458)] "invalid label: {"0":"SaqlFunctionDescription","1":"day_in_weekDescription"}", source: https://provardemo.lightning.force.com/jslibrary/1542318814000/ui-analytics-dashboard-components/LightningDashboards.js (2458)
[63390:775:1120/142124.438832:INFO:CONSOLE(2458)] "invalid label: {"0":"SaqlFunctionDescription","1":"day_in_monthDescription"}", source: https://provardemo.lightning.force.com/jslibrary/1542318814000/ui-analytics-dashboard-components/LightningDashboards.js (2458)
[63390:775:1120/142124.440011:INFO:CONSOLE(2458)] "invalid label: {"0":"SaqlFunctionDescription","1":"day_in_quarterDescription"}", source: https://provardemo.lightning.force.com/jslibrary/1542318814000/ui-analytics-dashboard-components/LightningDashboards.js (2458)
[63390:775:1120/142124.441163:INFO:CONSOLE(2458)] "invalid label: {"0":"SaqlFunctionDescription","1":"day_in_weekDescription"}", source: https://provardemo.lightning.force.com/jslibrary/1542318814000/ui-analytics-dashboard-components/LightningDashboards.js (2458)
[63390:775:1120/142124.442264:INFO:CONSOLE(2458)] "invalid label: {"0":"SaqlFunctionDescription","1":"day_in_yearDescription"}", source: https://provardemo.lightning.force.com/jslibrary/1542318814000/ui-analytics-dashboard-components/LightningDashboards.js (2458)
[63390:775:1120/142124.443070:INFO:CONSOLE(2458)] "invalid label: {"0":"SaqlFunctionDescription","1":"month_last_dayDescription"}", source: https://provardemo.lightning.force.com/jslibrary/1542318814000/ui-analytics-dashboard-components/LightningDashboards.js (2458)
[63390:775:1120/142124.444429:INFO:CONSOLE(2458)] "invalid label: {"0":"SaqlFunctionDescription","1":"month_daysDescription"}", source: https://provardemo.lightning.force.com/jslibrary/1542318814000/ui-analytics-dashboard-components/LightningDashboards.js (2458)
[63390:775:1120/142124.444686:INFO:CONSOLE(2458)] "invalid label: {"0":"SaqlFunctionDescription","1":"year_daysDescription"}", source: https://provardemo.lightning.force.com/jslibrary/1542318814000/ui-analytics-dashboard-components/LightningDashboards.js (2458)
[63390:775:1120/142124.445467:INFO:CONSOLE(2458)] "invalid label: {"0":"SaqlFunctionDescription","1":"quarter_daysDescription"}", source: https://provardemo.lightning.force.com/jslibrary/1542318814000/ui-analytics-dashboard-components/LightningDashboards.js (2458)
[63390:775:1120/142124.446576:INFO:CONSOLE(2458)] "invalid label: {"0":"SaqlFunctionDescription","1":"year_last_dayDescription"}", source: https://provardemo.lightning.force.com/jslibrary/1542318814000/ui-analytics-dashboard-components/LightningDashboards.js (2458)
[63390:775:1120/142124.447967:INFO:CONSOLE(2458)] "invalid label: {"0":"SaqlFunctionDescription","1":"quarter_last_dayDescription"}", source: https://provardemo.lightning.force.com/jslibrary/1542318814000/ui-analytics-dashboard-components/LightningDashboards.js (2458)
[63390:775:1120/142124.449356:INFO:CONSOLE(2458)] "invalid label: {"0":"SaqlFunctionDescription","1":"week_last_dayDescription"}", source: https://provardemo.lightning.force.com/jslibrary/1542318814000/ui-analytics-dashboard-components/LightningDashboards.js (2458)
[63390:775:1120/142124.450376:INFO:CONSOLE(2458)] "invalid label: {"0":"SaqlFunctionDescription","1":"nowDescription"}", source: https://provardemo.lightning.force.com/jslibrary/1542318814000/ui-analytics-dashboard-components/LightningDashboards.js (2458)
[63390:775:1120/142124.451300:INFO:CONSOLE(2458)] "invalid label: {"0":"SaqlFunctionDescription","1":"toDateDescription"}", source: https://provardemo.lightning.force.com/jslibrary/1542318814000/ui-analytics-dashboard-components/LightningDashboards.js (2458)
[63390:775:1120/142124.452137:INFO:CONSOLE(2458)] "invalid label: {"0":"SaqlFunctionDescription","1":"toStringDescription"}", source: https://provardemo.lightning.force.com/jslibrary/1542318814000/ui-analytics-dashboard-components/LightningDashboards.js (2458)
[63390:775:1120/142124.453372:INFO:CONSOLE(2458)] "invalid label: {"0":"SaqlFunctionDescription","1":"date_to_stringDescription"}", source: https://provardemo.lightning.force.com/jslibrary/1542318814000/ui-analytics-dashboard-components/LightningDashboards.js (2458)
[63390:775:1120/142124.453981:INFO:CONSOLE(2458)] "invalid label: {"0":"SaqlFunctionDescription","1":"date_to_epochDescription"}", source: https://provardemo.lightning.force.com/jslibrary/1542318814000/ui-analytics-dashboard-components/LightningDashboards.js (2458)
[63390:775:1120/142124.455302:INFO:CONSOLE(2458)] "invalid label: {"0":"SaqlFunctionDescription","1":"substrDescription"}", source: https://provardemo.lightning.force.com/jslibrary/1542318814000/ui-analytics-dashboard-components/LightningDashboards.js (2458)
[63390:775:1120/142124.456388:INFO:CONSOLE(2458)] "invalid label: {"0":"SaqlFunctionDescription","1":"starts_withDescription"}", source: https://provardemo.lightning.force.com/jslibrary/1542318814000/ui-analytics-dashboard-components/LightningDashboards.js (2458)
[63390:775:1120/142124.457628:INFO:CONSOLE(2458)] "invalid label: {"0":"SaqlFunctionDescription","1":"ends_withDescription"}", source: https://provardemo.lightning.force.com/jslibrary/1542318814000/ui-analytics-dashboard-components/LightningDashboards.js (2458)
[63390:775:1120/142124.459125:INFO:CONSOLE(2458)] "invalid label: {"0":"SaqlFunctionDescription","1":"replaceDescription"}", source: https://provardemo.lightning.force.com/jslibrary/1542318814000/ui-analytics-dashboard-components/LightningDashboards.js (2458)
[63390:775:1120/142124.459661:INFO:CONSOLE(2458)] "invalid label: {"0":"SaqlFunctionDescription","1":"index_ofDescription"}", source: https://provardemo.lightning.force.com/jslibrary/1542318814000/ui-analytics-dashboard-components/LightningDashboards.js (2458)
[63390:775:1120/142124.460415:INFO:CONSOLE(2458)] "invalid label: {"0":"SaqlFunctionDescription","1":"lenDescription"}", source: https://provardemo.lightning.force.com/jslibrary/1542318814000/ui-analytics-dashboard-components/LightningDashboards.js (2458)
[63390:775:1120/142124.461262:INFO:CONSOLE(2458)] "invalid label: {"0":"SaqlFunctionDescription","1":"ltrimDescription"}", source: https://provardemo.lightning.force.com/jslibrary/1542318814000/ui-analytics-dashboard-components/LightningDashboards.js (2458)
[63390:775:1120/142124.462077:INFO:CONSOLE(2458)] "invalid label: {"0":"SaqlFunctionDescription","1":"rtrimDescription"}", source: https://provardemo.lightning.force.com/jslibrary/1542318814000/ui-analytics-dashboard-components/LightningDashboards.js (2458)
[63390:775:1120/142124.462834:INFO:CONSOLE(2458)] "invalid label: {"0":"SaqlFunctionDescription","1":"trimDescription"}", source: https://provardemo.lightning.force.com/jslibrary/1542318814000/ui-analytics-dashboard-components/LightningDashboards.js (2458)
[63390:775:1120/142124.463583:INFO:CONSOLE(2458)] "invalid label: {"0":"SaqlFunctionDescription","1":"upperDescription"}", source: https://provardemo.lightning.force.com/jslibrary/1542318814000/ui-analytics-dashboard-components/LightningDashboards.js (2458)
[63390:775:1120/142124.464382:INFO:CONSOLE(2458)] "invalid label: {"0":"SaqlFunctionDescription","1":"lowerDescription"}", source: https://provardemo.lightning.force.com/jslibrary/1542318814000/ui-analytics-dashboard-components/LightningDashboards.js (2458)
[63390:775:1120/142124.465237:INFO:CONSOLE(2458)] "invalid label: {"0":"SaqlFunctionDescription","1":"number_to_stringDescription"}", source: https://provardemo.lightning.force.com/jslibrary/1542318814000/ui-analytics-dashboard-components/LightningDashboards.js (2458)
[63390:775:1120/142124.466075:INFO:CONSOLE(2458)] "invalid label: {"0":"SaqlFunctionDescription","1":"string_to_numberDescription"}", source: https://provardemo.lightning.force.com/jslibrary/1542318814000/ui-analytics-dashboard-components/LightningDashboards.js (2458)
[63390:775:1120/142124.466864:INFO:CONSOLE(2458)] "invalid label: {"0":"SaqlFunctionDescription","1":"absDescription"}", source: https://provardemo.lightning.force.com/jslibrary/1542318814000/ui-analytics-dashboard-components/LightningDashboards.js (2458)
[63390:775:1120/142124.467635:INFO:CONSOLE(2458)] "invalid label: {"0":"SaqlFunctionDescription","1":"ceilDescription"}", source: https://provardemo.lightning.force.com/jslibrary/1542318814000/ui-analytics-dashboard-components/LightningDashboards.js (2458)
[63390:775:1120/142124.468399:INFO:CONSOLE(2458)] "invalid label: {"0":"SaqlFunctionDescription","1":"floorDescription"}", source: https://provardemo.lightning.force.com/jslibrary/1542318814000/ui-analytics-dashboard-components/LightningDashboards.js (2458)
[63390:775:1120/142124.469201:INFO:CONSOLE(2458)] "invalid label: {"0":"SaqlFunctionDescription","1":"truncDescription"}", source: https://provardemo.lightning.force.com/jslibrary/1542318814000/ui-analytics-dashboard-components/LightningDashboards.js (2458)
[63390:775:1120/142124.469941:INFO:CONSOLE(2458)] "invalid label: {"0":"SaqlFunctionDescription","1":"roundDescription"}", source: https://provardemo.lightning.force.com/jslibrary/1542318814000/ui-analytics-dashboard-components/LightningDashboards.js (2458)
[63390:775:1120/142124.471265:INFO:CONSOLE(2458)] "invalid label: {"0":"SaqlFunctionDescription","1":"expDescription"}", source: https://provardemo.lightning.force.com/jslibrary/1542318814000/ui-analytics-dashboard-components/LightningDashboards.js (2458)
[63390:775:1120/142124.472308:INFO:CONSOLE(2458)] "invalid label: {"0":"SaqlFunctionDescription","1":"logDescription"}", source: https://provardemo.lightning.force.com/jslibrary/1542318814000/ui-analytics-dashboard-components/LightningDashboards.js (2458)
[63390:775:1120/142124.473213:INFO:CONSOLE(2458)] "invalid label: {"0":"SaqlFunctionDescription","1":"powerDescription"}", source: https://provardemo.lightning.force.com/jslibrary/1542318814000/ui-analytics-dashboard-components/LightningDashboards.js (2458)
[63390:775:1120/142124.474213:INFO:CONSOLE(2458)] "invalid label: {"0":"SaqlFunctionDescription","1":"sqrtDescription"}", source: https://provardemo.lightning.force.com/jslibrary/1542318814000/ui-analytics-dashboard-components/LightningDashboards.js (2458)
[63390:775:1120/142124.475038:INFO:CONSOLE(2458)] "invalid label: {"0":"SaqlFunctionDescription","1":"rankDescription"}", source: https://provardemo.lightning.force.com/jslibrary/1542318814000/ui-analytics-dashboard-components/LightningDashboards.js (2458)
[63390:775:1120/142124.476090:INFO:CONSOLE(2458)] "invalid label: {"0":"SaqlFunctionDescription","1":"dense_rankDescription"}", source: https://provardemo.lightning.force.com/jslibrary/1542318814000/ui-analytics-dashboard-components/LightningDashboards.js (2458)
[63390:775:1120/142124.477117:INFO:CONSOLE(2458)] "invalid label: {"0":"SaqlFunctionDescription","1":"cume_distDescription"}", source: https://provardemo.lightning.force.com/jslibrary/1542318814000/ui-analytics-dashboard-components/LightningDashboards.js (2458)
[63390:775:1120/142124.478068:INFO:CONSOLE(2458)] "invalid label: {"0":"SaqlFunctionDescription","1":"row_numberDescription"}", source: https://provardemo.lightning.force.com/jslibrary/1542318814000/ui-analytics-dashboard-components/LightningDashboards.js (2458)
[63390:775:1120/142124.479155:INFO:CONSOLE(2458)] "invalid label: {"0":"SaqlFunctionDescription","1":"coalesceDescription"}", source: https://provardemo.lightning.force.com/jslibrary/1542318814000/ui-analytics-dashboard-components/LightningDashboards.js (2458)
[63390:775:1120/142124.507723:INFO:CONSOLE(2458)] "invalid label: {"0":"TableThemes","1":"light"}", source: https://provardemo.lightning.force.com/jslibrary/1542318814000/ui-analytics-dashboard-components/LightningDashboards.js (2458)
[63390:775:1120/142124.508465:INFO:CONSOLE(2458)] "invalid label: {"0":"TableThemes","1":"classic"}", source: https://provardemo.lightning.force.com/jslibrary/1542318814000/ui-analytics-dashboard-components/LightningDashboards.js (2458)
[63390:775:1120/142124.510356:INFO:CONSOLE(2458)] "invalid label: {"0":"TableThemes","1":"dark"}", source: https://provardemo.lightning.force.com/jslibrary/1542318814000/ui-analytics-dashboard-components/LightningDashboards.js (2458)
[63390:775:1120/142124.511155:INFO:CONSOLE(2458)] "invalid label: {"0":"TableThemes","1":"blue"}", source: https://provardemo.lightning.force.com/jslibrary/1542318814000/ui-analytics-dashboard-components/LightningDashboards.js (2458)
[63390:775:1120/142124.511989:INFO:CONSOLE(2458)] "invalid label: {"0":"TableThemes","1":"green"}", source: https://provardemo.lightning.force.com/jslibrary/1542318814000/ui-analytics-dashboard-components/LightningDashboards.js (2458)
[63390:775:1120/142124.512782:INFO:CONSOLE(2458)] "invalid label: {"0":"TableThemes","1":"darkHeader"}", source: https://provardemo.lightning.force.com/jslibrary/1542318814000/ui-analytics-dashboard-components/LightningDashboards.js (2458)
[63390:775:1120/142124.528781:INFO:CONSOLE(2458)] "invalid label: {"0":"TableProperties","1":"variable"}", source: https://provardemo.lightning.force.com/jslibrary/1542318814000/ui-analytics-dashboard-components/LightningDashboards.js (2458)
[63390:775:1120/142124.529551:INFO:CONSOLE(2458)] "invalid label: {"0":"TableProperties","1":"fixed"}", source: https://provardemo.lightning.force.com/jslibrary/1542318814000/ui-analytics-dashboard-components/LightningDashboards.js (2458)
[63390:775:1120/142124.529875:INFO:CONSOLE(2458)] "invalid label: {"0":"TableProperties","1":"fitToContainer"}", source: https://provardemo.lightning.force.com/jslibrary/1542318814000/ui-analytics-dashboard-components/LightningDashboards.js (2458)
[63390:775:1120/142124.551174:INFO:CONSOLE(2458)] "invalid label: {"0":"EclairNgChartSections","1":"trellis"}", source: https://provardemo.lightning.force.com/jslibrary/1542318814000/ui-analytics-dashboard-components/LightningDashboards.js (2458)
[63390:775:1120/142124.553392:INFO:CONSOLE(2458)] "invalid label: {"0":"EclairNgChartSections","1":"xAxis"}", source: https://provardemo.lightning.force.com/jslibrary/1542318814000/ui-analytics-dashboard-components/LightningDashboards.js (2458)
[63390:775:1120/142124.554104:INFO:CONSOLE(2458)] "invalid label: {"0":"EclairNgChartSections","1":"yAxis"}", source: https://provardemo.lightning.force.com/jslibrary/1542318814000/ui-analytics-dashboard-components/LightningDashboards.js (2458)
[63390:775:1120/142124.555498:INFO:CONSOLE(2458)] "invalid label: {"0":"EclairNgChartSections","1":"xAxis"}", source: https://provardemo.lightning.force.com/jslibrary/1542318814000/ui-analytics-dashboard-components/LightningDashboards.js (2458)
[63390:775:1120/142124.556547:INFO:CONSOLE(2458)] "invalid label: {"0":"EclairNgChartSections","1":"yAxis"}", source: https://provardemo.lightning.force.com/jslibrary/1542318814000/ui-analytics-dashboard-components/LightningDashboards.js (2458)
[63390:775:1120/142124.557913:INFO:CONSOLE(2458)] "invalid label: {"0":"EclairNgChartSections","1":"xAxis"}", source: https://provardemo.lightning.force.com/jslibrary/1542318814000/ui-analytics-dashboard-components/LightningDashboards.js (2458)
[63390:775:1120/142124.559150:INFO:CONSOLE(2458)] "invalid label: {"0":"EclairNgChartSections","1":"yAxis"}", source: https://provardemo.lightning.force.com/jslibrary/1542318814000/ui-analytics-dashboard-components/LightningDashboards.js (2458)
[63390:775:1120/142124.560518:INFO:CONSOLE(2458)] "invalid label: {"0":"EclairNgChartSections","1":"xAxis"}", source: https://provardemo.lightning.force.com/jslibrary/1542318814000/ui-analytics-dashboard-components/LightningDashboards.js (2458)
[63390:775:1120/142124.561408:INFO:CONSOLE(2458)] "invalid label: {"0":"EclairNgChartSections","1":"yAxis"}", source: https://provardemo.lightning.force.com/jslibrary/1542318814000/ui-analytics-dashboard-components/LightningDashboards.js (2458)
[63390:775:1120/142124.562206:INFO:CONSOLE(2458)] "invalid label: {"0":"EclairNgChartSections","1":"stackBy"}", source: https://provardemo.lightning.force.com/jslibrary/1542318814000/ui-analytics-dashboard-components/LightningDashboards.js (2458)
[63390:775:1120/142124.563255:INFO:CONSOLE(2458)] "invalid label: {"0":"EclairNgChartSections","1":"xAxis"}", source: https://provardemo.lightning.force.com/jslibrary/1542318814000/ui-analytics-dashboard-components/LightningDashboards.js (2458)
[63390:775:1120/142124.563904:INFO:CONSOLE(2458)] "invalid label: {"0":"EclairNgChartSections","1":"yAxis"}", source: https://provardemo.lightning.force.com/jslibrary/1542318814000/ui-analytics-dashboard-components/LightningDashboards.js (2458)
[63390:775:1120/142124.564599:INFO:CONSOLE(2458)] "invalid label: {"0":"EclairNgChartSections","1":"stackBy"}", source: https://provardemo.lightning.force.com/jslibrary/1542318814000/ui-analytics-dashboard-components/LightningDashboards.js (2458)
[63390:775:1120/142124.565640:INFO:CONSOLE(2458)] "invalid label: {"0":"EclairNgChartSections","1":"xAxis"}", source: https://provardemo.lightning.force.com/jslibrary/1542318814000/ui-analytics-dashboard-components/LightningDashboards.js (2458)
[63390:775:1120/142124.566366:INFO:CONSOLE(2458)] "invalid label: {"0":"EclairNgChartSections","1":"yAxis"}", source: https://provardemo.lightning.force.com/jslibrary/1542318814000/ui-analytics-dashboard-components/LightningDashboards.js (2458)
[63390:775:1120/142124.567268:INFO:CONSOLE(2458)] "invalid label: {"0":"EclairNgChartSections","1":"stackBy"}", source: https://provardemo.lightning.force.com/jslibrary/1542318814000/ui-analytics-dashboard-components/LightningDashboards.js (2458)
[63390:775:1120/142124.568389:INFO:CONSOLE(2458)] "invalid label: {"0":"EclairNgChartSections","1":"xAxis"}", source: https://provardemo.lightning.force.com/jslibrary/1542318814000/ui-analytics-dashboard-components/LightningDashboards.js (2458)
[63390:775:1120/142124.569040:INFO:CONSOLE(2458)] "invalid label: {"0":"EclairNgChartSections","1":"yAxis"}", source: https://provardemo.lightning.force.com/jslibrary/1542318814000/ui-analytics-dashboard-components/LightningDashboards.js (2458)
[63390:775:1120/142124.569770:INFO:CONSOLE(2458)] "invalid label: {"0":"EclairNgChartSections","1":"radius"}", source: https://provardemo.lightning.force.com/jslibrary/1542318814000/ui-analytics-dashboard-components/LightningDashboards.js (2458)
[63390:775:1120/142124.570444:INFO:CONSOLE(2458)] "invalid label: {"0":"EclairNgChartSections","1":"bubbles"}", source: https://provardemo.lightning.force.com/jslibrary/1542318814000/ui-analytics-dashboard-components/LightningDashboards.js (2458)
[63390:775:1120/142124.571891:INFO:CONSOLE(2458)] "invalid label: {"0":"EclairNgChartSections","1":"size"}", source: https://provardemo.lightning.force.com/jslibrary/1542318814000/ui-analytics-dashboard-components/LightningDashboards.js (2458)
[63390:775:1120/142124.572669:INFO:CONSOLE(2458)] "invalid label: {"0":"EclairNgChartSections","1":"segmentBy"}", source: https://provardemo.lightning.force.com/jslibrary/1542318814000/ui-analytics-dashboard-components/LightningDashboards.js (2458)
[63390:775:1120/142124.574688:INFO:CONSOLE(2458)] "invalid label: {"0":"EclairNgChartSections","1":"xAxis"}", source: https://provardemo.lightning.force.com/jslibrary/1542318814000/ui-analytics-dashboard-components/LightningDashboards.js (2458)
[63390:775:1120/142124.575723:INFO:CONSOLE(2458)] "invalid label: {"0":"EclairNgChartSections","1":"yAxis"}", source: https://provardemo.lightning.force.com/jslibrary/1542318814000/ui-analytics-dashboard-components/LightningDashboards.js (2458)
[63390:775:1120/142124.576885:INFO:CONSOLE(2458)] "invalid label: {"0":"EclairNgChartSections","1":"color"}", source: https://provardemo.lightning.force.com/jslibrary/1542318814000/ui-analytics-dashboard-components/LightningDashboards.js (2458)
[63390:775:1120/142124.578620:INFO:CONSOLE(2458)] "invalid label: {"0":"EclairNgChartSections","1":"xAxis"}", source: https://provardemo.lightning.force.com/jslibrary/1542318814000/ui-analytics-dashboard-components/LightningDashboards.js (2458)
[63390:775:1120/142124.579239:INFO:CONSOLE(2458)] "invalid label: {"0":"EclairNgChartSections","1":"yAxis"}", source: https://provardemo.lightning.force.com/jslibrary/1542318814000/ui-analytics-dashboard-components/LightningDashboards.js (2458)
[63390:775:1120/142124.580100:INFO:CONSOLE(2458)] "invalid label: {"0":"EclairNgChartSections","1":"lines"}", source: https://provardemo.lightning.force.com/jslibrary/1542318814000/ui-analytics-dashboard-components/LightningDashboards.js (2458)
[63390:775:1120/142124.581795:INFO:CONSOLE(2458)] "invalid label: {"0":"EclairNgChartSections","1":"xAxis"}", source: https://provardemo.lightning.force.com/jslibrary/1542318814000/ui-analytics-dashboard-components/LightningDashboards.js (2458)
[63390:775:1120/142124.582638:INFO:CONSOLE(2458)] "invalid label: {"0":"EclairNgChartSections","1":"yAxis"}", source: https://provardemo.lightning.force.com/jslibrary/1542318814000/ui-analytics-dashboard-components/LightningDashboards.js (2458)
[63390:775:1120/142124.583392:INFO:CONSOLE(2458)] "invalid label: {"0":"EclairNgChartSections","1":"radius"}", source: https://provardemo.lightning.force.com/jslibrary/1542318814000/ui-analytics-dashboard-components/LightningDashboards.js (2458)
[63390:775:1120/142124.584044:INFO:CONSOLE(2458)] "invalid label: {"0":"EclairNgChartSections","1":"bubbles"}", source: https://provardemo.lightning.force.com/jslibrary/1542318814000/ui-analytics-dashboard-components/LightningDashboards.js (2458)
[63390:775:1120/142124.585339:INFO:CONSOLE(2458)] "invalid label: {"0":"EclairNgChartSections","1":"xAxis"}", source: https://provardemo.lightning.force.com/jslibrary/1542318814000/ui-analytics-dashboard-components/LightningDashboards.js (2458)
[63390:775:1120/142124.585915:INFO:CONSOLE(2458)] "invalid label: {"0":"EclairNgChartSections","1":"yAxis"}", source: https://provardemo.lightning.force.com/jslibrary/1542318814000/ui-analytics-dashboard-components/LightningDashboards.js (2458)
[63390:775:1120/142124.586597:INFO:CONSOLE(2458)] "invalid label: {"0":"EclairNgChartSections","1":"radius"}", source: https://provardemo.lightning.force.com/jslibrary/1542318814000/ui-analytics-dashboard-components/LightningDashboards.js (2458)
[63390:775:1120/142124.587460:INFO:CONSOLE(2458)] "invalid label: {"0":"EclairNgChartSections","1":"bubbles"}", source: https://provardemo.lightning.force.com/jslibrary/1542318814000/ui-analytics-dashboard-components/LightningDashboards.js (2458)
[63390:775:1120/142124.589321:INFO:CONSOLE(2458)] "invalid label: {"0":"EclairNgChartSections","1":"timeAxis"}", source: https://provardemo.lightning.force.com/jslibrary/1542318814000/ui-analytics-dashboard-components/LightningDashboards.js (2458)
[63390:775:1120/142124.590367:INFO:CONSOLE(2458)] "invalid label: {"0":"EclairNgChartSections","1":"yAxis"}", source: https://provardemo.lightning.force.com/jslibrary/1542318814000/ui-analytics-dashboard-components/LightningDashboards.js (2458)
[63390:775:1120/142124.591103:INFO:CONSOLE(2458)] "invalid label: {"0":"EclairNgChartSections","1":"lines"}", source: https://provardemo.lightning.force.com/jslibrary/1542318814000/ui-analytics-dashboard-components/LightningDashboards.js (2458)
[63390:775:1120/142124.592380:INFO:CONSOLE(2458)] "invalid label: {"0":"EclairNgChartSections","1":"timeAxis"}", source: https://provardemo.lightning.force.com/jslibrary/1542318814000/ui-analytics-dashboard-components/LightningDashboards.js (2458)
[63390:775:1120/142124.593097:INFO:CONSOLE(2458)] "invalid label: {"0":"EclairNgChartSections","1":"yAxis"}", source: https://provardemo.lightning.force.com/jslibrary/1542318814000/ui-analytics-dashboard-components/LightningDashboards.js (2458)
[63390:775:1120/142124.594395:INFO:CONSOLE(2458)] "invalid label: {"0":"EclairNgChartSections","1":"xAxis"}", source: https://provardemo.lightning.force.com/jslibrary/1542318814000/ui-analytics-dashboard-components/LightningDashboards.js (2458)
[63390:775:1120/142124.595458:INFO:CONSOLE(2458)] "invalid label: {"0":"EclairNgChartSections","1":"yAxis"}", source: https://provardemo.lightning.force.com/jslibrary/1542318814000/ui-analytics-dashboard-components/LightningDashboards.js (2458)
[63390:775:1120/142124.596436:INFO:CONSOLE(2458)] "invalid label: {"0":"EclairNgChartSections","1":"timeAxis"}", source: https://provardemo.lightning.force.com/jslibrary/1542318814000/ui-analytics-dashboard-components/LightningDashboards.js (2458)
[63390:775:1120/142124.597422:INFO:CONSOLE(2458)] "invalid label: {"0":"EclairNgChartSections","1":"yAxis"}", source: https://provardemo.lightning.force.com/jslibrary/1542318814000/ui-analytics-dashboard-components/LightningDashboards.js (2458)
[63390:775:1120/142124.598854:INFO:CONSOLE(2458)] "invalid label: {"0":"EclairNgChartSections","1":"xAxis"}", source: https://provardemo.lightning.force.com/jslibrary/1542318814000/ui-analytics-dashboard-components/LightningDashboards.js (2458)
[63390:775:1120/142124.599485:INFO:CONSOLE(2458)] "invalid label: {"0":"EclairNgChartSections","1":"yAxis"}", source: https://provardemo.lightning.force.com/jslibrary/1542318814000/ui-analytics-dashboard-components/LightningDashboards.js (2458)
[63390:775:1120/142124.600624:INFO:CONSOLE(2458)] "invalid label: {"0":"EclairNgChartSections","1":"xAxis"}", source: https://provardemo.lightning.force.com/jslibrary/1542318814000/ui-analytics-dashboard-components/LightningDashboards.js (2458)
[63390:775:1120/142124.601331:INFO:CONSOLE(2458)] "invalid label: {"0":"EclairNgChartSections","1":"yAxis"}", source: https://provardemo.lightning.force.com/jslibrary/1542318814000/ui-analytics-dashboard-components/LightningDashboards.js (2458)
[63390:775:1120/142124.602090:INFO:CONSOLE(2458)] "invalid label: {"0":"EclairNgChartSections","1":"stackBy"}", source: https://provardemo.lightning.force.com/jslibrary/1542318814000/ui-analytics-dashboard-components/LightningDashboards.js (2458)
[63390:775:1120/142124.603761:INFO:CONSOLE(2458)] "invalid label: {"0":"EclairNgChartSections","1":"size"}", source: https://provardemo.lightning.force.com/jslibrary/1542318814000/ui-analytics-dashboard-components/LightningDashboards.js (2458)
[63390:775:1120/142124.604512:INFO:CONSOLE(2458)] "invalid label: {"0":"EclairNgChartSections","1":"segmentBy"}", source: https://provardemo.lightning.force.com/jslibrary/1542318814000/ui-analytics-dashboard-components/LightningDashboards.js (2458)
[63390:775:1120/142124.606572:INFO:CONSOLE(2458)] "invalid label: {"0":"EclairNgChartSections","1":"flow"}", source: https://provardemo.lightning.force.com/jslibrary/1542318814000/ui-analytics-dashboard-components/LightningDashboards.js (2458)
[63390:775:1120/142124.607630:INFO:CONSOLE(2458)] "invalid label: {"0":"EclairNgChartSections","1":"nodes"}", source: https://provardemo.lightning.force.com/jslibrary/1542318814000/ui-analytics-dashboard-components/LightningDashboards.js (2458)
[63390:775:1120/142124.609276:INFO:CONSOLE(2458)] "invalid label: {"0":"EclairNgMapLabels","1":"mercator"}", source: https://provardemo.lightning.force.com/jslibrary/1542318814000/ui-analytics-dashboard-components/LightningDashboards.js (2458)
[63390:775:1120/142124.610100:INFO:CONSOLE(2458)] "invalid label: {"0":"EclairNgMapLabels","1":"equirectangular"}", source: https://provardemo.lightning.force.com/jslibrary/1542318814000/ui-analytics-dashboard-components/LightningDashboards.js (2458)
[63390:775:1120/142124.610860:INFO:CONSOLE(2458)] "invalid label: {"0":"EclairNgMapLabels","1":"miller"}", source: https://provardemo.lightning.force.com/jslibrary/1542318814000/ui-analytics-dashboard-components/LightningDashboards.js (2458)
[63390:775:1120/142124.611893:INFO:CONSOLE(2458)] "invalid label: {"0":"EclairNgMapLabels","1":"albersusa"}", source: https://provardemo.lightning.force.com/jslibrary/1542318814000/ui-analytics-dashboard-components/LightningDashboards.js (2458)
[63390:775:1120/142124.612989:INFO:CONSOLE(2458)] "invalid label: {"0":"EclairNgChartSections","1":"location"}", source: https://provardemo.lightning.force.com/jslibrary/1542318814000/ui-analytics-dashboard-components/LightningDashboards.js (2458)
[63390:775:1120/142124.613608:INFO:CONSOLE(2458)] "invalid label: {"0":"EclairNgChartSections","1":"color"}", source: https://provardemo.lightning.force.com/jslibrary/1542318814000/ui-analytics-dashboard-components/LightningDashboards.js (2458)
[63390:775:1120/142124.614596:INFO:CONSOLE(2458)] "invalid label: {"0":"EclairNgChartSections","1":"leftAxis"}", source: https://provardemo.lightning.force.com/jslibrary/1542318814000/ui-analytics-dashboard-components/LightningDashboards.js (2458)
[63390:775:1120/142124.615248:INFO:CONSOLE(2458)] "invalid label: {"0":"EclairNgChartSections","1":"rightAxis"}", source: https://provardemo.lightning.force.com/jslibrary/1542318814000/ui-analytics-dashboard-components/LightningDashboards.js (2458)
[63390:775:1120/142124.616228:INFO:CONSOLE(2458)] "invalid label: {"0":"EclairNgChartSections","1":"centerAxis"}", source: https://provardemo.lightning.force.com/jslibrary/1542318814000/ui-analytics-dashboard-components/LightningDashboards.js (2458)
[63390:775:1120/142124.617423:INFO:CONSOLE(2458)] "invalid label: {"0":"EclairNgChartSections","1":"value"}", source: https://provardemo.lightning.force.com/jslibrary/1542318814000/ui-analytics-dashboard-components/LightningDashboards.js (2458)
[63390:775:1120/142124.619159:INFO:CONSOLE(2458)] "invalid label: {"0":"EclairNgChartSections","1":"value"}", source: https://provardemo.lightning.force.com/jslibrary/1542318814000/ui-analytics-dashboard-components/LightningDashboards.js (2458)
[63390:775:1120/142124.620159:INFO:CONSOLE(2458)] "invalid label: {"0":"EclairNgChartSections","1":"leftAxis"}", source: https://provardemo.lightning.force.com/jslibrary/1542318814000/ui-analytics-dashboard-components/LightningDashboards.js (2458)
[63390:775:1120/142124.621303:INFO:CONSOLE(2458)] "invalid label: {"0":"EclairNgChartSections","1":"rightAxis"}", source: https://provardemo.lightning.force.com/jslibrary/1542318814000/ui-analytics-dashboard-components/LightningDashboards.js (2458)
[63390:775:1120/142124.622456:INFO:CONSOLE(2458)] "invalid label: {"0":"EclairNgChartSections","1":"centerAxis"}", source: https://provardemo.lightning.force.com/jslibrary/1542318814000/ui-analytics-dashboard-components/LightningDashboards.js (2458)
[63390:775:1120/142124.623558:INFO:CONSOLE(2458)] "invalid label: {"0":"EclairNgChartSections","1":"stackBy"}", source: https://provardemo.lightning.force.com/jslibrary/1542318814000/ui-analytics-dashboard-components/LightningDashboards.js (2458)
[63390:775:1120/142124.625644:INFO:CONSOLE(2458)] "invalid label: {"0":"EclairNgChartSections","1":"measures"}", source: https://provardemo.lightning.force.com/jslibrary/1542318814000/ui-analytics-dashboard-components/LightningDashboards.js (2458)
[63390:775:1120/142124.626300:INFO:CONSOLE(2458)] "invalid label: {"0":"EclairNgChartSections","1":"compareBy"}", source: https://provardemo.lightning.force.com/jslibrary/1542318814000/ui-analytics-dashboard-components/LightningDashboards.js (2458)
[63390:775:1120/142124.627968:INFO:CONSOLE(2458)] "invalid label: {"0":"EclairNgChartSections","1":"location"}", source: https://provardemo.lightning.force.com/jslibrary/1542318814000/ui-analytics-dashboard-components/LightningDashboards.js (2458)
[63390:775:1120/142124.628878:INFO:CONSOLE(2458)] "invalid label: {"0":"EclairNgChartSections","1":"radius"}", source: https://provardemo.lightning.force.com/jslibrary/1542318814000/ui-analytics-dashboard-components/LightningDashboards.js (2458)
[63390:775:1120/142124.629333:INFO:CONSOLE(2458)] "invalid label: {"0":"EclairNgChartSections","1":"bubbleColor"}", source: https://provardemo.lightning.force.com/jslibrary/1542318814000/ui-analytics-dashboard-components/LightningDashboards.js (2458)
[63390:775:1120/142124.630804:INFO:CONSOLE(2458)] "invalid label: {"0":"EclairNgChartSections","1":"location"}", source: https://provardemo.lightning.force.com/jslibrary/1542318814000/ui-analytics-dashboard-components/LightningDashboards.js (2458)
[63390:775:1120/142124.631619:INFO:CONSOLE(2458)] "invalid label: {"0":"EclairNgChartSections","1":"latLng"}", source: https://provardemo.lightning.force.com/jslibrary/1542318814000/ui-analytics-dashboard-components/LightningDashboards.js (2458)
[63390:775:1120/142124.632438:INFO:CONSOLE(2458)] "invalid label: {"0":"EclairNgChartSections","1":"radius"}", source: https://provardemo.lightning.force.com/jslibrary/1542318814000/ui-analytics-dashboard-components/LightningDashboards.js (2458)
[63390:775:1120/142124.633764:INFO:CONSOLE(2458)] "invalid label: {"0":"EclairNgChartSections","1":"bubbleColor"}", source: https://provardemo.lightning.force.com/jslibrary/1542318814000/ui-analytics-dashboard-components/LightningDashboards.js (2458)
[63390:775:1120/142124.634464:INFO:CONSOLE(2458)] "invalid label: {"0":"EclairNgChartSections","1":"xAxis"}", source: https://provardemo.lightning.force.com/jslibrary/1542318814000/ui-analytics-dashboard-components/LightningDashboards.js (2458)
[63390:775:1120/142124.635189:INFO:CONSOLE(2458)] "invalid label: {"0":"EclairNgChartSections","1":"yAxis"}", source: https://provardemo.lightning.force.com/jslibrary/1542318814000/ui-analytics-dashboard-components/LightningDashboards.js (2458)
[63390:775:1120/142124.636161:INFO:CONSOLE(2458)] "invalid label: {"0":"EclairNgChartSections","1":"radius"}", source: https://provardemo.lightning.force.com/jslibrary/1542318814000/ui-analytics-dashboard-components/LightningDashboards.js (2458)
[63390:775:1120/142124.637117:INFO:CONSOLE(2458)] "invalid label: {"0":"EclairNgChartSections","1":"bubbleColor"}", source: https://provardemo.lightning.force.com/jslibrary/1542318814000/ui-analytics-dashboard-components/LightningDashboards.js (2458)
[63390:775:1120/142124.638650:INFO:CONSOLE(2458)] "invalid label: {"0":"EclairNgChartSections","1":"size"}", source: https://provardemo.lightning.force.com/jslibrary/1542318814000/ui-analytics-dashboard-components/LightningDashboards.js (2458)
[63390:775:1120/142124.639912:INFO:CONSOLE(2458)] "invalid label: {"0":"EclairNgChartSections","1":"segmentBy"}", source: https://provardemo.lightning.force.com/jslibrary/1542318814000/ui-analytics-dashboard-components/LightningDashboards.js (2458)
[63390:775:1120/142124.641218:INFO:CONSOLE(2458)] "invalid label: {"0":"EclairNgChartSections","1":"measures"}", source: https://provardemo.lightning.force.com/jslibrary/1542318814000/ui-analytics-dashboard-components/LightningDashboards.js (2458)
[63390:775:1120/142124.641929:INFO:CONSOLE(2458)] "invalid label: {"0":"EclairNgChartSections","1":"lines"}", source: https://provardemo.lightning.force.com/jslibrary/1542318814000/ui-analytics-dashboard-components/LightningDashboards.js (2458)
[63390:775:1120/142124.643851:INFO:CONSOLE(2458)] "invalid label: {"0":"EclairNgChartSections","1":"time"}", source: https://provardemo.lightning.force.com/jslibrary/1542318814000/ui-analytics-dashboard-components/LightningDashboards.js (2458)
[63390:775:1120/142124.644048:INFO:CONSOLE(2458)] "invalid label: {"0":"EclairNgChartSections","1":"color"}", source: https://provardemo.lightning.force.com/jslibrary/1542318814000/ui-analytics-dashboard-components/LightningDashboards.js (2458)
[63390:775:1120/142124.645808:INFO:CONSOLE(2458)] "invalid label: {"0":"ChartTypeLongName","1":"heatmap"}", source: https://provardemo.lightning.force.com/jslibrary/1542318814000/ui-analytics-dashboard-components/LightningDashboards.js (2458)
[63390:775:1120/142124.647361:INFO:CONSOLE(2458)] "invalid label: {"0":"ChartTypeLongName","1":"metricsradar"}", source: https://provardemo.lightning.force.com/jslibrary/1542318814000/ui-analytics-dashboard-components/LightningDashboards.js (2458)
[63390:775:1120/142124.648859:INFO:CONSOLE(2458)] "invalid label: {"0":"ChartTypeLongName","1":"matrix"}", source: https://provardemo.lightning.force.com/jslibrary/1542318814000/ui-analytics-dashboard-components/LightningDashboards.js (2458)
[63390:775:1120/142124.649835:INFO:CONSOLE(2458)] "invalid label: {"0":"ChartTypeLongName","1":"parallelcoords"}", source: https://provardemo.lightning.force.com/jslibrary/1542318814000/ui-analytics-dashboard-components/LightningDashboards.js (2458)
[63390:775:1120/142124.650808:INFO:CONSOLE(2458)] "invalid label: {"0":"ChartTypeLongName","1":"calheatmap"}", source: https://provardemo.lightning.force.com/jslibrary/1542318814000/ui-analytics-dashboard-components/LightningDashboards.js (2458)
[63390:775:1120/142124.685429:INFO:CONSOLE(2458)] "invalid label: {"0":"SearchableTable","1":"noResultFound"}", source: https://provardemo.lightning.force.com/jslibrary/1542318814000/ui-analytics-dashboard-components/LightningDashboards.js (2458)
[63390:775:1120/142124.821312:INFO:CONSOLE(16)] "[object Object]", source: https://provardemo.lightning.force.com/libraries/instrumentation/beaconLib/BeaconLibrary.js (16)
[63390:775:1120/142125.007653:INFO:CONSOLE(4)] "[object Object]", source: https://provardemo.lightning.force.com/components/desktopDashboards/dashboardApp.js (4)
[63390:775:1120/142125.049261:INFO:CONSOLE(4)] "[object Object]", source: https://provardemo.lightning.force.com/components/desktopDashboards/dashboardApp.js (4)
[63390:775:1120/142125.080356:INFO:CONSOLE(4)] "[object Object]", source: https://provardemo.lightning.force.com/components/desktopDashboards/dashboardApp.js (4)
[63390:775:1120/142125.219488:INFO:CONSOLE(1023)] "Warning: Failed prop type: Invalid prop `header` of type `object` supplied to `GridLayoutRC`, expected a single ReactElement.
    in GridLayoutRC (created by exports)
    in exports (created by DashboardApp)
    in div (created by DashboardApp)
    in div (created by DashboardApp)
    in div (created by DashboardApp)
    in SLDSIconSettings (created by DashboardApp)
    in DashboardApp", source: https://provardemo.lightning.force.com/jslibrary/1542318814000/ui-analytics-dashboard-components/LightningDashboards.js (1023)
[63390:775:1120/142125.251380:INFO:CONSOLE(1004)] "Synchronous XMLHttpRequest on the main thread is deprecated because of its detrimental effects to the end user's experience. For more help, check https://xhr.spec.whatwg.org/.", source: https://provardemo.lightning.force.com/jslibrary/1542318814000/ui-analytics-dashboard-components/LightningDashboards.js (1004)
[63390:775:1120/142125.632949:INFO:CONSOLE(5)] "sfdc-lightning/charts/vbar.js has been deprecated. Please update your code to use lightning-vbar-chart", source: https://provardemo.lightning.force.com/libraries/reports/EclairNGSync/EclairNGSync.js (5)
[63390:775:1120/142125.714618:INFO:CONSOLE(5)] "sfdc-lightning/charts/gauge.js has been deprecated. Please update your code to use lightning-gauge-chart", source: https://provardemo.lightning.force.com/libraries/reports/EclairNGSync/EclairNGSync.js (5)
[63390:775:1120/142125.714946:INFO:CONSOLE(5)] "sfdc-lightning/charts/hbar.js has been deprecated. Please update your code to use lightning-hbar-chart", source: https://provardemo.lightning.force.com/libraries/reports/EclairNGSync/EclairNGSync.js (5)
[63390:775:1120/142125.715258:INFO:CONSOLE(5)] "sfdc-lightning/charts/line.js has been deprecated. Please update your code to use lightning-line-chart", source: https://provardemo.lightning.force.com/libraries/reports/EclairNGSync/EclairNGSync.js (5)
[63390:775:1120/142125.715638:INFO:CONSOLE(5)] "sfdc-lightning/charts/stackvbar.js has been deprecated. Please update your code to use lightning-stackvbar-chart", source: https://provardemo.lightning.force.com/libraries/reports/EclairNGSync/EclairNGSync.js (5)
[63390:775:1120/142125.852277:INFO:CONSOLE(5)] "sfdc-lightning/charts/stackhbar.js has been deprecated. Please update your code to use lightning-stackhbar-chart", source: https://provardemo.lightning.force.com/libraries/reports/EclairNGSync/EclairNGSync.js (5)
[63390:775:1120/142125.852456:INFO:CONSOLE(5)] "sfdc-lightning/charts/line.js has been deprecated. Please update your code to use lightning-line-chart", source: https://provardemo.lightning.force.com/libraries/reports/EclairNGSync/EclairNGSync.js (5)
[63390:775:1120/142126.242269:INFO:CONSOLE(4)] "[object Object]", source: https://provardemo.lightning.force.com/components/desktopDashboards/dashboardApp.js (4)
[63390:775:1120/142126.253150:INFO:CONSOLE(4)] "[object Object]", source: https://provardemo.lightning.force.com/components/desktopDashboards/dashboardApp.js (4)
[63390:775:1120/142126.254275:INFO:CONSOLE(4)] "[object Object]", source: https://provardemo.lightning.force.com/components/desktopDashboards/dashboardApp.js (4)
[63390:775:1120/142127.512975:INFO:CONSOLE(1399)] "chart_0 (sfdc-lightning/charts/vbar.js) -> invalid size: -34,-42", source: https://provardemo.lightning.force.com/libraries/reports/EclairNGSync/EclairNGSync.js (1399)
[63390:775:1120/142127.513743:INFO:CONSOLE(1399)] "chart_1 (sfdc-lightning/charts/gauge.js) -> invalid size: -34,-42", source: https://provardemo.lightning.force.com/libraries/reports/EclairNGSync/EclairNGSync.js (1399)
[63390:775:1120/142127.514103:INFO:CONSOLE(1399)] "chart_2 (sfdc-lightning/charts/hbar.js) -> invalid size: -34,-42", source: https://provardemo.lightning.force.com/libraries/reports/EclairNGSync/EclairNGSync.js (1399)
[63390:775:1120/142127.514537:INFO:CONSOLE(1399)] "chart_3 (sfdc-lightning/charts/line.js) -> invalid size: -34,-42", source: https://provardemo.lightning.force.com/libraries/reports/EclairNGSync/EclairNGSync.js (1399)
[63390:775:1120/142127.514855:INFO:CONSOLE(1399)] "chart_4 (sfdc-lightning/charts/stackvbar.js) -> invalid size: -34,-42", source: https://provardemo.lightning.force.com/libraries/reports/EclairNGSync/EclairNGSync.js (1399)
[63390:775:1120/142127.515222:INFO:CONSOLE(1399)] "chart_5 (sfdc-lightning/charts/stackhbar.js) -> invalid size: -34,-42", source: https://provardemo.lightning.force.com/libraries/reports/EclairNGSync/EclairNGSync.js (1399)
[63390:775:1120/142127.515562:INFO:CONSOLE(1399)] "chart_6 (sfdc-lightning/charts/line.js) -> invalid size: -34,-42", source: https://provardemo.lightning.force.com/libraries/reports/EclairNGSync/EclairNGSync.js (1399)
[63390:775:1120/142127.655570:INFO:CONSOLE(16)] "[object Object]", source: https://provardemo.lightning.force.com/libraries/instrumentation/beaconLib/BeaconLibrary.js (16)
[63390:775:1120/142155.126756:INFO:CONSOLE(16)] "[object Object]", source: https://provardemo.lightning.force.com/libraries/instrumentation/beaconLib/BeaconLibrary.js (16)
[63390:775:1120/142158.657998:INFO:CONSOLE(2)] "<lightning-icon> Invalid icon name utility:", source: https://provardemo.lightning.force.com/components/lightning/icon.js (2)
[63390:775:1120/142214.301864:WARNING:pref_notifier_impl.cc(23)] Pref observer found at shutdown.
[63390:775:1120/142214.301926:WARNING:pref_notifier_impl.cc(23)] Pref observer found at shutdown.
